<?xml version="1.0" encoding="UTF-8"?>
<!-- Generated by org.testng.reporters.JUnitXMLReporter -->
<testsuite ignored="0" hostname="LAPTOP-9OI5NA80" failures="0" tests="7" name="Default test" time="15.938" errors="0" timestamp="2022-01-05T11:59:00 EST">
  <testcase classname="CRUDTestCases.welcomePageTest" name="clickHomePageLinkOnWelcomePageTest" time="0.094"/>
  <testcase classname="CRUDTestCases.welcomePageTest" name="clickSignInLinkOnWelcomePageTest" time="0.084"/>
  <testcase classname="CRUDTestCases.welcomePageTest" name="welcomePageDescriptionTest" time="0.043"/>
  <testcase classname="CRUDTestCases.welcomePageTest" name="welcomePageHeaderTest" time="0.054"/>
  <testcase classname="CRUDTestCases.welcomePageTest" name="welcomePageHomePageLinkPresentTest" time="0.091"/>
  <testcase classname="CRUDTestCases.welcomePageTest" name="welcomePageSignInLinkPresentTest" time="0.078"/>
  <testcase classname="CRUDTestCases.welcomePageTest" name="welcomePageTitleTest" time="0.014"/>
</testsuite> <!-- Default test -->
