<?xml version="1.0" encoding="UTF-8"?>
<testng-results ignored="0" total="7" passed="7" failed="0" skipped="0">
  <reporter-output>
  </reporter-output>
  <suite started-at="2022-01-05T11:58:44 EST" name="Default suite" finished-at="2022-01-05T11:58:59 EST" duration-ms="15938">
    <groups>
    </groups>
    <test started-at="2022-01-05T11:58:44 EST" name="Default test" finished-at="2022-01-05T11:58:59 EST" duration-ms="15938">
      <class name="CRUDTestCases.welcomePageTest">
        <test-method is-config="true" signature="setUp()[pri:0, instance:CRUDTestCases.welcomePageTest@61862a7f]" started-at="2022-01-05T11:58:44 EST" name="setUp" finished-at="2022-01-05T11:58:48 EST" duration-ms="4762" status="PASS">
          <reporter-output>
          </reporter-output>
        </test-method> <!-- setUp -->
        <test-method signature="clickHomePageLinkOnWelcomePageTest()[pri:0, instance:CRUDTestCases.welcomePageTest@61862a7f]" started-at="2022-01-05T11:58:48 EST" name="clickHomePageLinkOnWelcomePageTest" finished-at="2022-01-05T11:58:48 EST" duration-ms="94" status="PASS">
          <reporter-output>
          </reporter-output>
        </test-method> <!-- clickHomePageLinkOnWelcomePageTest -->
        <test-method is-config="true" signature="tearDown()[pri:0, instance:CRUDTestCases.welcomePageTest@61862a7f]" started-at="2022-01-05T11:58:48 EST" name="tearDown" finished-at="2022-01-05T11:58:49 EST" duration-ms="292" status="PASS">
          <reporter-output>
          </reporter-output>
        </test-method> <!-- tearDown -->
        <test-method is-config="true" signature="setUp()[pri:0, instance:CRUDTestCases.welcomePageTest@61862a7f]" started-at="2022-01-05T11:58:49 EST" name="setUp" finished-at="2022-01-05T11:58:50 EST" duration-ms="1615" status="PASS">
          <reporter-output>
          </reporter-output>
        </test-method> <!-- setUp -->
        <test-method signature="clickSignInLinkOnWelcomePageTest()[pri:0, instance:CRUDTestCases.welcomePageTest@61862a7f]" started-at="2022-01-05T11:58:50 EST" name="clickSignInLinkOnWelcomePageTest" finished-at="2022-01-05T11:58:50 EST" duration-ms="84" status="PASS">
          <reporter-output>
          </reporter-output>
        </test-method> <!-- clickSignInLinkOnWelcomePageTest -->
        <test-method is-config="true" signature="tearDown()[pri:0, instance:CRUDTestCases.welcomePageTest@61862a7f]" started-at="2022-01-05T11:58:50 EST" name="tearDown" finished-at="2022-01-05T11:58:51 EST" duration-ms="142" status="PASS">
          <reporter-output>
          </reporter-output>
        </test-method> <!-- tearDown -->
        <test-method is-config="true" signature="setUp()[pri:0, instance:CRUDTestCases.welcomePageTest@61862a7f]" started-at="2022-01-05T11:58:51 EST" name="setUp" finished-at="2022-01-05T11:58:52 EST" duration-ms="1583" status="PASS">
          <reporter-output>
          </reporter-output>
        </test-method> <!-- setUp -->
        <test-method signature="welcomePageDescriptionTest()[pri:0, instance:CRUDTestCases.welcomePageTest@61862a7f]" started-at="2022-01-05T11:58:52 EST" name="welcomePageDescriptionTest" finished-at="2022-01-05T11:58:52 EST" duration-ms="43" status="PASS">
          <reporter-output>
          </reporter-output>
        </test-method> <!-- welcomePageDescriptionTest -->
        <test-method is-config="true" signature="tearDown()[pri:0, instance:CRUDTestCases.welcomePageTest@61862a7f]" started-at="2022-01-05T11:58:52 EST" name="tearDown" finished-at="2022-01-05T11:58:52 EST" duration-ms="139" status="PASS">
          <reporter-output>
          </reporter-output>
        </test-method> <!-- tearDown -->
        <test-method is-config="true" signature="setUp()[pri:0, instance:CRUDTestCases.welcomePageTest@61862a7f]" started-at="2022-01-05T11:58:52 EST" name="setUp" finished-at="2022-01-05T11:58:54 EST" duration-ms="1624" status="PASS">
          <reporter-output>
          </reporter-output>
        </test-method> <!-- setUp -->
        <test-method signature="welcomePageHeaderTest()[pri:0, instance:CRUDTestCases.welcomePageTest@61862a7f]" started-at="2022-01-05T11:58:54 EST" name="welcomePageHeaderTest" finished-at="2022-01-05T11:58:54 EST" duration-ms="54" status="PASS">
          <reporter-output>
          </reporter-output>
        </test-method> <!-- welcomePageHeaderTest -->
        <test-method is-config="true" signature="tearDown()[pri:0, instance:CRUDTestCases.welcomePageTest@61862a7f]" started-at="2022-01-05T11:58:54 EST" name="tearDown" finished-at="2022-01-05T11:58:54 EST" duration-ms="131" status="PASS">
          <reporter-output>
          </reporter-output>
        </test-method> <!-- tearDown -->
        <test-method is-config="true" signature="setUp()[pri:0, instance:CRUDTestCases.welcomePageTest@61862a7f]" started-at="2022-01-05T11:58:54 EST" name="setUp" finished-at="2022-01-05T11:58:56 EST" duration-ms="1605" status="PASS">
          <reporter-output>
          </reporter-output>
        </test-method> <!-- setUp -->
        <test-method signature="welcomePageHomePageLinkPresentTest()[pri:0, instance:CRUDTestCases.welcomePageTest@61862a7f]" started-at="2022-01-05T11:58:56 EST" name="welcomePageHomePageLinkPresentTest" finished-at="2022-01-05T11:58:56 EST" duration-ms="91" status="PASS">
          <reporter-output>
          </reporter-output>
        </test-method> <!-- welcomePageHomePageLinkPresentTest -->
        <test-method is-config="true" signature="tearDown()[pri:0, instance:CRUDTestCases.welcomePageTest@61862a7f]" started-at="2022-01-05T11:58:56 EST" name="tearDown" finished-at="2022-01-05T11:58:56 EST" duration-ms="132" status="PASS">
          <reporter-output>
          </reporter-output>
        </test-method> <!-- tearDown -->
        <test-method is-config="true" signature="setUp()[pri:0, instance:CRUDTestCases.welcomePageTest@61862a7f]" started-at="2022-01-05T11:58:56 EST" name="setUp" finished-at="2022-01-05T11:58:58 EST" duration-ms="1535" status="PASS">
          <reporter-output>
          </reporter-output>
        </test-method> <!-- setUp -->
        <test-method signature="welcomePageSignInLinkPresentTest()[pri:0, instance:CRUDTestCases.welcomePageTest@61862a7f]" started-at="2022-01-05T11:58:58 EST" name="welcomePageSignInLinkPresentTest" finished-at="2022-01-05T11:58:58 EST" duration-ms="78" status="PASS">
          <reporter-output>
          </reporter-output>
        </test-method> <!-- welcomePageSignInLinkPresentTest -->
        <test-method is-config="true" signature="tearDown()[pri:0, instance:CRUDTestCases.welcomePageTest@61862a7f]" started-at="2022-01-05T11:58:58 EST" name="tearDown" finished-at="2022-01-05T11:58:58 EST" duration-ms="135" status="PASS">
          <reporter-output>
          </reporter-output>
        </test-method> <!-- tearDown -->
        <test-method is-config="true" signature="setUp()[pri:0, instance:CRUDTestCases.welcomePageTest@61862a7f]" started-at="2022-01-05T11:58:58 EST" name="setUp" finished-at="2022-01-05T11:58:59 EST" duration-ms="1578" status="PASS">
          <reporter-output>
          </reporter-output>
        </test-method> <!-- setUp -->
        <test-method signature="welcomePageTitleTest()[pri:0, instance:CRUDTestCases.welcomePageTest@61862a7f]" started-at="2022-01-05T11:58:59 EST" name="welcomePageTitleTest" finished-at="2022-01-05T11:58:59 EST" duration-ms="14" status="PASS">
          <reporter-output>
          </reporter-output>
        </test-method> <!-- welcomePageTitleTest -->
        <test-method is-config="true" signature="tearDown()[pri:0, instance:CRUDTestCases.welcomePageTest@61862a7f]" started-at="2022-01-05T11:58:59 EST" name="tearDown" finished-at="2022-01-05T11:58:59 EST" duration-ms="144" status="PASS">
          <reporter-output>
          </reporter-output>
        </test-method> <!-- tearDown -->
      </class> <!-- CRUDTestCases.welcomePageTest -->
    </test> <!-- Default test -->
  </suite> <!-- Default suite -->
</testng-results>
